<?xml version="1.0" encoding="UTF-8"?>
<testng-results skipped="0" failed="0" ignored="1" total="2" passed="1">
  <reporter-output>
  </reporter-output>
  <suite name="Default suite" duration-ms="3964" started-at="2021-10-08T09:28:41Z" finished-at="2021-10-08T09:28:45Z">
    <groups>
    </groups>
    <test name="Default test" duration-ms="3964" started-at="2021-10-08T09:28:41Z" finished-at="2021-10-08T09:28:45Z">
      <class name="day2.Github">
        <test-method status="PASS" signature="createrepositories()[pri:0, instance:day2.Github@4df50bcc]" name="createrepositories" duration-ms="3922" started-at="2021-10-08T09:28:41Z" finished-at="2021-10-08T09:28:45Z">
          <reporter-output>
          </reporter-output>
        </test-method> <!-- createrepositories -->
      </class> <!-- day2.Github -->
    </test> <!-- Default test -->
  </suite> <!-- Default suite -->
</testng-results>
